C51 COMPILER V9.54   MAIN                                                                  06/20/2025 18:02:39 PAGE 1   


C51 COMPILER V9.54, COMPILATION OF MODULE MAIN
OBJECT MODULE PLACED IN .\Objects\main.obj
COMPILER INVOKED BY: D:\Keil_v5\C51\BIN\C51.EXE main.c OPTIMIZE(8,SPEED) BROWSE DEBUG OBJECTEXTEND PRINT(.\Listings\main
                    -.lst) TABS(2) OBJECT(.\Objects\main.obj)

line level    source

   1          #include <STC15F2K60S2.H>
   2          
   3          char *string = "Hello Dr.";
   4          
   5          void Uart1_Init(void) //1200bps@12.000MHz
   6          {
   7   1        PCON &= 0x7F;   //Baudrate no doubled
   8   1        SCON = 0x50;    //8 bits and variable baudrate
   9   1        AUXR &= 0xBF;   //Timer clock is 12T mode
  10   1        AUXR &= 0xFE;   //UART 1 use Timer1 as baudrate generator
  11   1        TMOD &= 0x0F;   //Set timer work mode
  12   1        TMOD |= 0x20;   //Set timer work mode
  13   1        TL1 = 0xE8;     //Initial timer value
  14   1        TH1 = 0xE8;     //Set reload value
  15   1        ET1 = 0;      //Disable Timer%d interrupt
  16   1        TR1 = 1;      //Timer1 start run
  17   1        EA  = 1;
  18   1        ES  = 1;
  19   1      }
  20          
  21          
  22          void UART_Send_Char(unsigned char Byte)
  23          {
  24   1        SBUF  = Byte;
  25   1        while(TI == 0);
  26   1        TI = 0;
  27   1      }
  28          
  29          void UART_Send_String(char *str)
  30          {
  31   1        while(*str)
  32   1        {
  33   2          UART_Send_Char(*str++);
  34   2        }
  35   1      }
  36          
  37          void UART_op(unsigned int SBUF)
  38          {
  39   1        unsigned int temp = 0x01;
  40   1        switch(SBUF)
  41   1        {
  42   2          case 0x00:
  43   2            P0 = 0xFF;
  44   2            string = "All LEDs is OFF";
  45   2            break;
  46   2          /*-----------------------*/
  47   2          case 0x99:
  48   2            P0 = 0x00;
  49   2            string = "All LEDs is ON";
  50   2            break;
  51   2          /*-----------------------*/
  52   2          case 0x01:
  53   2            P00 = 0;
  54   2            string = "LED 1 is ON";
C51 COMPILER V9.54   MAIN                                                                  06/20/2025 18:02:39 PAGE 2   

  55   2            break;
  56   2          case 0x10:
  57   2            P00 = 1;
  58   2            string = "LED 1 is OFF";
  59   2            break;
  60   2          /*-----------------------*/
  61   2          case 0x02:
  62   2            P01 = 0;
  63   2            string = "LED 2 is ON";
  64   2            break;
  65   2          case 0x20:
  66   2            P01 = 1;
  67   2            string = "LED 2 is OFF";
  68   2            break;
  69   2          /*-----------------------*/
  70   2          case 0x03:
  71   2            P02 = 0;
  72   2            string = "LED 3 is ON";
  73   2            break;
  74   2          case 0x30:
  75   2            P02 = 1;
  76   2            string = "LED 3 is OFF";
  77   2            break;
  78   2          /*-----------------------*/
  79   2          case 0x04:
  80   2            P03 = 0;
  81   2            string = "LED 4 is ON";
  82   2            break;
  83   2          case 0x40:
  84   2            P03 = 1;
  85   2            string = "LED 4 is OFF";
  86   2            break;
  87   2          /*------------------------*/
  88   2          case 0x05:
  89   2            P04 = 0;
  90   2            string = "LED 5 is ON";
  91   2            break;
  92   2          case 0x50:
  93   2            P04 = 1;
  94   2            string = "LED 5 is OFF";
  95   2            break;
  96   2          /*------------------------*/
  97   2          case 0x06:
  98   2            P05 = 0;
  99   2            string = "LED 6 is ON";
 100   2            break;
 101   2          case 0x60:
 102   2            P05 = 1;
 103   2            string = "LED 6 is OFF";
 104   2            break;
 105   2          /*------------------------*/
 106   2          case 0x07:
 107   2            P06 = 0;
 108   2            string = "LED 7 is ON";
 109   2            break;
 110   2          case 0x70:
 111   2            P06 = 1;
 112   2            string = "LED 7 is OFF";
 113   2            break;
 114   2          /*------------------------*/
 115   2          case 0x08:
 116   2            P07 = 0;
C51 COMPILER V9.54   MAIN                                                                  06/20/2025 18:02:39 PAGE 3   

 117   2            string = "LED 8 is ON";
 118   2            break;
 119   2          case 0x80:
 120   2            P07 = 1;
 121   2            string = "LED 8 is OFF";
 122   2            break;
 123   2          default :
 124   2            string = "Invalid Command";
 125   2        }
 126   1      }
 127          
 128          void UART_Routine(void) interrupt 4
 129          {
 130   1        if(RI == 1)
 131   1        {
 132   2          UART_op(SBUF);
 133   2          P2 = (P2&0x1F) | 0x80;
 134   2          P2 &= 0x1F;
 135   2          UART_Send_String(string);
 136   2          RI = 0;
 137   2        }
 138   1      }
 139          
 140          void main()
 141          {
 142   1        Uart1_Init();
 143   1        while(1)
 144   1        {
 145   2          
 146   2        }
 147   1      }


MODULE INFORMATION:   STATIC OVERLAYABLE
   CODE SIZE        =    461    ----
   CONSTANT SIZE    =    257    ----
   XDATA SIZE       =   ----    ----
   PDATA SIZE       =   ----    ----
   DATA SIZE        =      3       5
   IDATA SIZE       =   ----    ----
   BIT SIZE         =   ----    ----
END OF MODULE INFORMATION.


C51 COMPILATION COMPLETE.  0 WARNING(S),  0 ERROR(S)
