C51 COMPILER V9.54   MAIN                                                                  06/18/2025 17:17:22 PAGE 1   


C51 COMPILER V9.54, COMPILATION OF MODULE MAIN
OBJECT MODULE PLACED IN .\Objects\main.obj
COMPILER INVOKED BY: D:\Keil_v5\C51\BIN\C51.EXE main.c OPTIMIZE(8,SPEED) BROWSE DEBUG OBJECTEXTEND PRINT(.\Listings\main
                    -.lst) TABS(2) OBJECT(.\Objects\main.obj)

line level    source

   1          #include <REGX52.H>
   2          #include "Nixie_Disp.h"
   3          
   4          unsigned int Hour=00, Min=00, Sec=00;
   5          
   6          
   7          void Timer0_Init()
   8          {
   9   1      
  10   1        TMOD &= 0xF0;     //Set timer work mode
  11   1        TMOD |= 0x01;     //Set timer work mode
  12   1        TL0 = 0x18;       //Initial timer value
  13   1        TH0 = 0xFC;       //Initial timer value
  14   1        TF0 = 0;        //Clear TF0 flag
  15   1        TR0 = 1;        //Timer0 start run
  16   1        ET0 = 1;
  17   1        EA  = 1;
  18   1      }
  19          
  20          
  21          void main()
  22          { 
  23   1        P0 = 0xFF;
  24   1        P2 = (P2 & 0x1F) | 0x80;
  25   1        P2 &= 0x1F;
  26   1        
  27   1        Timer0_Init();
  28   1        while(1)
  29   1        {
  30   2          ShowNum(1, Hour, 2);
  31   2          ShowChar(3, '-');
  32   2          ShowNum(4, Min, 2);
  33   2          ShowChar(6, '-');
  34   2          ShowNum(7, Sec, 2);
  35   2        }
  36   1      }
  37          
  38          
  39          void Timer0_Routine() interrupt 1
  40          {
  41   1        static unsigned int count;
  42   1        TL0 = 0x18;
  43   1        TH0 = 0xFC;
  44   1        if(count >= 1000)
  45   1        {
  46   2          count = 0;
  47   2          Sec++;
  48   2          if(Sec==60){ Min++; Sec = 0; }
  49   2          if(Min==60){ Hour++; Min = 0; }
  50   2          if(Hour==24){ Hour = 0; }
  51   2        }
  52   1        
  53   1        count++;
  54   1      }
C51 COMPILER V9.54   MAIN                                                                  06/18/2025 17:17:22 PAGE 2   



MODULE INFORMATION:   STATIC OVERLAYABLE
   CODE SIZE        =    205    ----
   CONSTANT SIZE    =   ----    ----
   XDATA SIZE       =   ----    ----
   PDATA SIZE       =   ----    ----
   DATA SIZE        =      8    ----
   IDATA SIZE       =   ----    ----
   BIT SIZE         =   ----    ----
END OF MODULE INFORMATION.


C51 COMPILATION COMPLETE.  0 WARNING(S),  0 ERROR(S)
