C51 COMPILER V9.54   MAIN                                                                  06/19/2025 22:37:00 PAGE 1   


C51 COMPILER V9.54, COMPILATION OF MODULE MAIN
OBJECT MODULE PLACED IN .\Objects\main.obj
COMPILER INVOKED BY: D:\Keil_v5\C51\BIN\C51.EXE main.c OPTIMIZE(8,SPEED) BROWSE DEBUG OBJECTEXTEND PRINT(.\Listings\main
                    -.lst) TABS(2) OBJECT(.\Objects\main.obj)

line level    source

   1          #include <REGX52.H>
   2          sfr AUXR = 0x8E;
   3          
   4          void Uart1_Init(void) //9600bps@11.0592MHz
   5          {
   6   1        PCON &= 0x7F;   //Baudrate no doubled
   7   1        SCON = 0x50;    //8 bits and variable baudrate
   8   1        AUXR |= 0x40;   //imer clock is 1T mode
   9   1        AUXR &= 0xFE;   //UART 1 use Timer1 as baudrate generator
  10   1        TMOD &= 0x0F;   //Set timer work mode
  11   1        TMOD |= 0x20;   //Set timer work mode
  12   1        TL1 = 0xDC;     //Initial timer value
  13   1        TH1 = 0xDC;     //Set reload value
  14   1        ET1 = 0;      //Disable Timer%d interrupt
  15   1        TR1 = 1;      //Timer1 start run
  16   1        ES = 1;
  17   1        EA = 1;
  18   1      }
  19          
  20          
  21          void UART_Send(unsigned char Byte)
  22          {
  23   1        SBUF  = Byte;
  24   1        while(TI == 0);
  25   1        TI = 0;
  26   1      }
  27          
  28          
  29          void main()
  30          {
  31   1        Uart1_Init();
  32   1        while(1)
  33   1        {
  34   2          
  35   2        }
  36   1      }
  37          
  38          void UART_Routine(void) interrupt 4
  39          {
  40   1        if(RI == 1)
  41   1        {
  42   2          UART_Send(SBUF);
  43   2          RI = 0;
  44   2        }
  45   1      }
  46          


MODULE INFORMATION:   STATIC OVERLAYABLE
   CODE SIZE        =     68    ----
   CONSTANT SIZE    =   ----    ----
   XDATA SIZE       =   ----    ----
   PDATA SIZE       =   ----    ----
   DATA SIZE        =   ----    ----
C51 COMPILER V9.54   MAIN                                                                  06/19/2025 22:37:00 PAGE 2   

   IDATA SIZE       =   ----    ----
   BIT SIZE         =   ----    ----
END OF MODULE INFORMATION.


C51 COMPILATION COMPLETE.  0 WARNING(S),  0 ERROR(S)
