C51 COMPILER V9.54   CT107D_MAIN                                                           06/19/2025 16:51:45 PAGE 1   


C51 COMPILER V9.54, COMPILATION OF MODULE CT107D_MAIN
OBJECT MODULE PLACED IN .\Objects\CT107D_main.obj
COMPILER INVOKED BY: D:\Keil_v5\C51\BIN\C51.EXE CT107D_main.c OPTIMIZE(8,SPEED) BROWSE DEBUG OBJECTEXTEND PRINT(.\Listin
                    -gs\CT107D_main.lst) TABS(2) OBJECT(.\Objects\CT107D_main.obj)

line level    source

   1          #include "CT107D_lib.h"
   2          
   3          void main()
   4          {
   5   1      
   6   1        RING *head = 0x00;
   7   1        head = ring_init();
   8   1        
   9   1        while(1)
  10   1        {
  11   2          get_key();
  12   2          head = write_key(head);
  13   2          display(head);
  14   2        }
  15   1      }


MODULE INFORMATION:   STATIC OVERLAYABLE
   CODE SIZE        =     41    ----
   CONSTANT SIZE    =   ----    ----
   XDATA SIZE       =   ----    ----
   PDATA SIZE       =   ----    ----
   DATA SIZE        =   ----       3
   IDATA SIZE       =   ----    ----
   BIT SIZE         =   ----    ----
END OF MODULE INFORMATION.


C51 COMPILATION COMPLETE.  0 WARNING(S),  0 ERROR(S)
