C51 COMPILER V9.54   MATRIXKEY                                                             06/19/2025 11:04:41 PAGE 1   


C51 COMPILER V9.54, COMPILATION OF MODULE MATRIXKEY
OBJECT MODULE PLACED IN .\Objects\MatrixKey.obj
COMPILER INVOKED BY: D:\Keil_v5\C51\BIN\C51.EXE MatrixKey.c OPTIMIZE(8,SPEED) BROWSE DEBUG OBJECTEXTEND PRINT(.\Listings
                    -\MatrixKey.lst) TABS(2) OBJECT(.\Objects\MatrixKey.obj)

line level    source

   1          sfr    P0 = 0x80;
   2          sfr    P2 = 0xA0;
   3          sfr    P3 = 0xB0;
   4          sfr    P4 = 0xC0;
   5          
   6          sbit P3_0 = 0xB0;
   7          sbit P3_1 = 0xB1;
   8          sbit P3_2 = 0xB2;
   9          sbit P3_3 = 0xB3;
  10          sbit P3_4 = 0xB4;
  11          sbit P3_5 = 0xB5;
  12          
  13          sbit P4_2 = 0xC2;
  14          sbit P4_4 = 0xC4;
  15          
  16          
  17          unsigned int row = 114;
  18          unsigned int column = 514;
  19          //unsigned int tube_label[] = {0x01, 0x02, 0x04, 0x08,
  20          //                            0x10, 0x20, 0x40, 0x80};
  21          //
  22          unsigned int Keyboard[4][4] = {
  23                        0xF9, 0xA4, 0xB0, 0xFF,
  24                        0x99, 0x92, 0x82, 0xFF,
  25                        0xF8, 0x80, 0x90, 0xFF,
  26                        0xC0, 0xC0, 0xFF, 0xFF
  27                                        };
  28          
  29          void delay(unsigned int ms)
  30          {
  31   1        unsigned i,j;
  32   1        for(i=0; i<ms; i++)
  33   1        {
  34   2          for(j=0; j<120; j++);
  35   2        }
  36   1      }
  37          
  38          void get_key(void)
  39          {
  40   1        
  41   1        P3 = (P3 & 0xC0) | 0x0F;
  42   1        P4 = (P4 & 0xEB) | 0x00;
  43   1        delay(10);
  44   1        if( P3_0 == 0 ) { row = 0; goto label;}
  45   1        if( P3_1 == 0 ) { row = 1; goto label;}
  46   1        if( P3_2 == 0 ) { row = 2; goto label;}
  47   1        if( P3_3 == 0 ) { row = 3; }
  48   1        label:
  49   1        P3 = ( P3 & 0xC0) | 0x30;
  50   1        P4 = ( P4 & 0xEB) | 0x14;
  51   1        if( P3_4 == 0 ) { column = 3; return;}
  52   1        if( P3_5 == 0 ) { column = 2; return;}
  53   1        if( P4_2 == 0 ) { column = 1; return;}
  54   1        if( P4_4 == 0 ) { column = 0; }
C51 COMPILER V9.54   MATRIXKEY                                                             06/19/2025 11:04:41 PAGE 2   

  55   1        
  56   1      }
  57          


MODULE INFORMATION:   STATIC OVERLAYABLE
   CODE SIZE        =    146    ----
   CONSTANT SIZE    =   ----    ----
   XDATA SIZE       =   ----    ----
   PDATA SIZE       =   ----    ----
   DATA SIZE        =     36    ----
   IDATA SIZE       =   ----    ----
   BIT SIZE         =   ----    ----
END OF MODULE INFORMATION.


C51 COMPILATION COMPLETE.  0 WARNING(S),  0 ERROR(S)
