C51 COMPILER V9.54   MAIN                                                                  06/10/2025 16:29:36 PAGE 1   


C51 COMPILER V9.54, COMPILATION OF MODULE MAIN
OBJECT MODULE PLACED IN .\Objects\main.obj
COMPILER INVOKED BY: D:\Keil_v5\C51\BIN\C51.EXE main.c OPTIMIZE(8,SPEED) BROWSE DEBUG OBJECTEXTEND PRINT(.\Listings\main
                    -.lst) TABS(2) OBJECT(.\Objects\main.obj)

line level    source

   1          #include <REGX52.H>
   2          
   3          unsigned int loc = 0;
   4          unsigned char arr[] = {0xFE, 0xFD, 0xFB, 0xF7,
   5                                 0XEF, 0xDF, 0xBF, 0x7F,
   6                                 0xBF, 0XDF, 0xEF, 0xF7,
   7                                 0xFB, 0xFD};
   8          
   9                                 
  10          void Timer0_Init(void)    //50ms@12.000MHz
  11          {
  12   1        TMOD &= 0xF0;     //Set timer work mode
  13   1        TMOD |= 0x01;     //Set timer work mode
  14   1        TL0 = 0xB0;       //Initial timer value
  15   1        TH0 = 0x3C;       //Initial timer value
  16   1        TF0 = 0;        //Clear TF0 flag
  17   1        TR0 = 1;        //Timer0 start run
  18   1        ET0 = 1;        //Enable Time0 Interrupt
  19   1        EA  = 1;        //Enable All
  20   1        PT0 = 0;        //Priority Low
  21   1      }
  22          
  23          
  24          void main()
  25          {
  26   1        Timer0_Init();
  27   1        while(1)
  28   1        {
  29   2          P2 = (P2&0x1F)|0x80;
  30   2          P0 = arr[loc];
  31   2        }
  32   1      }
  33          
  34          void Timer0() interrupt 1
  35          {
  36   1        static unsigned int counter;
  37   1        TL0 = 0xB0;       
  38   1        TH0 = 0x3C;
  39   1        counter++;
  40   1        
  41   1        while(counter >= 10)
  42   1        {
  43   2          counter = 0;
  44   2          loc++;
  45   2          if(loc >= 14) loc = 0;
  46   2        }
  47   1        
  48   1      }


MODULE INFORMATION:   STATIC OVERLAYABLE
   CODE SIZE        =    108    ----
   CONSTANT SIZE    =   ----    ----
   XDATA SIZE       =   ----    ----
C51 COMPILER V9.54   MAIN                                                                  06/10/2025 16:29:36 PAGE 2   

   PDATA SIZE       =   ----    ----
   DATA SIZE        =     18    ----
   IDATA SIZE       =   ----    ----
   BIT SIZE         =   ----    ----
END OF MODULE INFORMATION.


C51 COMPILATION COMPLETE.  0 WARNING(S),  0 ERROR(S)
